[debug] [2023-09-16T09:18:20.474Z] ----------------------------------------------------------------------
[debug] [2023-09-16T09:18:20.476Z] Command:       C:\Program Files (x86)\nodejs\node.exe C:\Users\coded\AppData\Roaming\npm\node_modules\firebase-tools\lib\bin\firebase.js deploy
[debug] [2023-09-16T09:18:20.477Z] CLI Version:   12.5.4
[debug] [2023-09-16T09:18:20.477Z] Platform:      win32
[debug] [2023-09-16T09:18:20.478Z] Node Version:  v18.16.1
[debug] [2023-09-16T09:18:20.479Z] Time:          Sat Sep 16 2023 14:48:20 GMT+0530 (India Standard Time)
[debug] [2023-09-16T09:18:20.479Z] ----------------------------------------------------------------------
[debug] 
[debug] [2023-09-16T09:18:20.577Z] > command requires scopes: ["email","openid","https://www.googleapis.com/auth/cloudplatformprojects.readonly","https://www.googleapis.com/auth/firebase","https://www.googleapis.com/auth/cloud-platform"]
[debug] [2023-09-16T09:18:20.578Z] > authorizing via signed-in user (codedotart.jsr@gmail.com)
[debug] [2023-09-16T09:18:20.578Z] [iam] checking project ui-bata for permissions ["firebase.projects.get","firebasehosting.sites.update"]
[debug] [2023-09-16T09:18:20.582Z] >>> [apiv2][query] POST https://cloudresourcemanager.googleapis.com/v1/projects/ui-bata:testIamPermissions [none]
[debug] [2023-09-16T09:18:20.582Z] >>> [apiv2][(partial)header] POST https://cloudresourcemanager.googleapis.com/v1/projects/ui-bata:testIamPermissions x-goog-quota-user=projects/ui-bata
[debug] [2023-09-16T09:18:20.582Z] >>> [apiv2][body] POST https://cloudresourcemanager.googleapis.com/v1/projects/ui-bata:testIamPermissions {"permissions":["firebase.projects.get","firebasehosting.sites.update"]}
[debug] [2023-09-16T09:18:22.685Z] <<< [apiv2][status] POST https://cloudresourcemanager.googleapis.com/v1/projects/ui-bata:testIamPermissions 200
[debug] [2023-09-16T09:18:22.686Z] <<< [apiv2][body] POST https://cloudresourcemanager.googleapis.com/v1/projects/ui-bata:testIamPermissions {"permissions":["firebase.projects.get","firebasehosting.sites.update"]}
[debug] [2023-09-16T09:18:22.689Z] >>> [apiv2][query] GET https://firebase.googleapis.com/v1beta1/projects/ui-bata [none]
[debug] [2023-09-16T09:18:23.727Z] <<< [apiv2][status] GET https://firebase.googleapis.com/v1beta1/projects/ui-bata 200
[debug] [2023-09-16T09:18:23.727Z] <<< [apiv2][body] GET https://firebase.googleapis.com/v1beta1/projects/ui-bata {"projectId":"ui-bata","projectNumber":"458085568113","displayName":"ui-bata","name":"projects/ui-bata","resources":{"hostingSite":"ui-bata"},"state":"ACTIVE","etag":"1_bff9bc38-e2d7-4520-9c69-700b5ef5d4b0"}
[info] 
[info] === Deploying to 'ui-bata'...
[info] 
[info] i  deploying hosting 
[debug] [2023-09-16T09:18:23.738Z] >>> [apiv2][query] POST https://firebasehosting.googleapis.com/v1beta1/projects/-/sites/ui-bata/versions [none]
[debug] [2023-09-16T09:18:23.738Z] >>> [apiv2][body] POST https://firebasehosting.googleapis.com/v1beta1/projects/-/sites/ui-bata/versions {"status":"CREATED","labels":{"deployment-tool":"cli-firebase"}}
[debug] [2023-09-16T09:18:26.576Z] <<< [apiv2][status] POST https://firebasehosting.googleapis.com/v1beta1/projects/-/sites/ui-bata/versions 200
[debug] [2023-09-16T09:18:26.576Z] <<< [apiv2][body] POST https://firebasehosting.googleapis.com/v1beta1/projects/-/sites/ui-bata/versions {"name":"projects/458085568113/sites/ui-bata/versions/3878f48af61928de","status":"CREATED","config":{},"labels":{"deployment-tool":"cli-firebase"}}
[info] i  hosting[ui-bata]: beginning deploy... 
[info] i  hosting[ui-bata]: found 45 files in build 
[debug] [2023-09-16T09:18:26.607Z] [hosting] uploading with 200 concurrency
[debug] [2023-09-16T09:18:27.703Z] [hosting] hash cache [YnVpbGQ] stored for 45 files
[debug] [2023-09-16T09:18:27.704Z] [hosting][hash queue][FINAL] {"max":1079,"min":10,"avg":199.44444444444446,"active":0,"complete":45,"success":45,"errored":0,"retried":0,"total":45,"elapsed":1093}
[debug] [2023-09-16T09:18:27.706Z] >>> [apiv2][query] POST https://firebasehosting.googleapis.com/v1beta1/projects/458085568113/sites/ui-bata/versions/3878f48af61928de:populateFiles [none]
[debug] [2023-09-16T09:18:27.707Z] >>> [apiv2][body] POST https://firebasehosting.googleapis.com/v1beta1/projects/458085568113/sites/ui-bata/versions/3878f48af61928de:populateFiles {"files":{"/favicon.ico":"eae62e993eb980ec8a25058c39d5a51feab118bd2100c4deebb2a9c158ec11f9","/logo192.png":"3ee59515172ee198f3be375979df15ac5345183e656720a381b8872b2a39dc8b","/logo512.png":"ee7e2f3fdb8209c4b6fd7bef6ba50d1b9dba30a25bb5c3126df057e1cb6f5331","/manifest.json":"aff3449bdc238776f5d6d967f19ec491b36aed5fb7f23ccff6500736fd58494a","/robots.txt":"bfe106a3fb878dc83461c86818bf74fc1bdc7f28538ba613cd3e775516ce8b49","/asset-manifest.json":"26401ca1c9ff074d598315141960ddfdaa549bcfadcfbd0b599bb984a6e41b50","/index.html":"dcccc6fc4d8bf3a6b6949bbc0c87fc3e8b1da2a90f58c8d3c4086acc8da52433","/static/js/main.eef9405d.js.LICENSE.txt":"1da1047b556cdbd57e052e3f3c4480e5e7090472de0fd8d36ec2640d267af70e","/static/media/Start the quest button.d87c56ba1f59e11813a0.png":"7fe69ace901b2e3b4e05cfaddbd2788a745ae14b115cc868078534eff792687a","/static/media/Start button.61ceb1fbace367a34b69.png":"5804556449dc44568d8944f19d939b5444c1b86db55ddcb6dca2565edff32448","/static/media/Bubblegummers logo Smal.1d76f27214b5a4ea5b9c.png":"017bb86173c1bb502e4047ea522ad34d70bb0fe785089e1196883279c4e1f132","/static/media/Progress bar 2.7fc7a932697349440538.png":"b50d6d6650669ff677e83c35cdc1de70abc922b49539c0e0ccb5ed0907ada369","/static/media/Progress bar 3.a0f9167ce925199bff8e.png":"d58d08c467b27ac5e914f135589a21ff8a50687bda4602b8bf2fd0b2c2ff7222","/static/media/Progress bar 4.7b40707e152683ae7213.png":"2ac4d82f5d75dc204b1e06ec58e84adf9ed7fbe08da3a1fa0de44268e17d8bee","/static/media/Progress bar 5.6727d725fb3c06805f9f.png":"b77b16044fe7bca5af8a9a3f09fc754f549fa6d33cf92daf36854e46efbdf124","/static/media/Timer clock big.0dd70cefaaec5f3220f5.png":"9ca439e78ffd40c837ebc1e8e53f55e3811b9734486882879ebf8b67ee0d5e64","/static/media/Progress bar 6.f2c350b5a848ddc5bcd1.png":"f8fd9950ea2ecf87adca9e9bfbdd1efc45c2414635b51cbb401c4721ed441a7e","/static/css/main.2a0dcd5f.css":"a288ffac4f39ef6fc9e2df70b036ecbecaa952e3c5947405906da1542c630b56","/static/media/Group 146 (4).b3b556b1613a59b18394.png":"2561440dfcc7b495b0edb8407613f8ac6c968327717be6248aa2c8fd9a78c058","/static/media/Quest logo big.8cfc56c6df32b41afbaf.png":"75363662ff19fb8be678e35e021c27e09f5548363f1e18178e52f874878781c7","/static/media/sky.95b77b14e994d90a4a99.png":"3ff121ac176f9d934350c35a9ca4891152b561835d00c9408c82bdd0ef79adff","/static/media/Group 154.60159fd05db145779460.png":"fcf4ae69fe5f10fbeae906c55950ccb934bf53d18aeffb7941d80a584a497a14","/static/media/Level 1.5bc362e621e937a6b1a9.png":"6cb23dbfa49c8e593f132fb1397f109e27e7f87502735fe008923dea52a67b4f","/static/media/Level 4.45df48b0f1c3c385ecc0.png":"27c3f5ad18659e042260307c1b6aff14a2fa4ac53f667a90193138619fe6ab9f","/static/media/Level 2.b71c61a3538cba73d037.png":"d93a26e7a4e5017100d474af65b831e00b28876a926de0bf145948f27376a5c0","/static/media/Privacy Policy Screen.f5ed3f99717689f3575c.png":"40ad450270e940b0e7f19c82972d57285bd4d23732444c3e5012226d6cb7f771","/static/media/Instructions.40968c2c91570de76aee.png":"13a24d109028220b20f1db110a0ca1b20bf87254f4eebf5e9fc052ad1e23f173","/static/media/Level completion bubble - boy thought.84ac29833f8b6e8b2394.png":"ee49ee5ff305507d24e8ea2e72c045ec9c04fa92777ef422d95cb81777954879","/static/media/Three mascot group.74262ef66b64ad407cd8.png":"b79ead1d7f956603ea9bb34da764b98343a9f69241578ff026c5b1b4b171dff3","/static/js/main.eef9405d.js":"d645b33368704a00d1c7ce4a4fd4459438eaa9b49b438c071ce2f3ddf8836e48","/static/media/Level completion bubble - girl thought.25ea732be9225a4c588c.png":"805131102ab77ef09c148346aa58c5b58bbb94de669c99d2fec473eee1cd441b","/static/media/Bata Level 4 card.c6691f263ebacf9c99d7.png":"38d936eb07b7d92a1a5c99ca53483a9be981894cdf2855f4b419c8afa406f325","/static/media/Group 150.269a15ebf97f9073dd5a.png":"c838ea19252834ad764766639d28fd95cdc1868772bd251566a41e1bc2b3b91f","/static/media/Group 155.9ad0f463c6582ad4d7d1.png":"b4c9370e9a0b866bc93d3e3d614a9d9ca7c11b69835c132ad3bb6062cfae3545","/static/media/Group 151.c01e03d632defef4f305.png":"c6630df654a0c126128c99b189925cc8803fae67701ac75727508c44fe74fe0b","/static/media/Group 152.8ea729874a3a128f4cd9.png":"31be0a7231f2536528a1ddbb8617f908650fb66b21711e17053f88c66e14abd2","/static/media/Welcome Screeen.244e754f2560270d1b4f.png":"807c2b3a38ffed9f1631645520b6abd174793f4e0b834a65c02e8357ceb50483","/static/css/main.2a0dcd5f.css.map":"9eb198303821234ee15f3bc033d28d228e85fe4910680273f5d88402d0c5886e","/static/media/Kiosk background png.75f81a4a266ba1e8fb3f.png":"1492179d8f51116c1ba825f043beb1bdb0ce24fa75b7c4c249d44ed79aa43dd3","/static/js/main.eef9405d.js.map":"548989a145ecb291ac6a756803a16149f9569bb1aed5f3864c7cbd15ef3be1c4","/static/media/Level 5.81b43e6c57f33f4ab65b.gif":"fe0635764e951c0ff900cb19ea13f49a76c01da8b3a08f7af53cea9f7101cb9a","/static/media/Level 1.fc569a227c45ddb452c1.gif":"77fc64ae6fd60f0f1fccd9d1e3fbd03d4d1a066a2c42ac6ebd6cb0216f554fe2","/static/media/Level 2.43388e1cf699c9866495.gif":"7eb5a369a60c2aebbf364c4a38e636d1e827478d41eebb515fc2ffb0bdaee699","/static/media/Level 4.19232576eb010c42596b.gif":"f1b19c8eecad031306d698485f46a6a7c291b8384167678e9eae5a902e42e638","/static/media/Level 3.1fa7eb71a281fd1c167e.gif":"f1293b15d2858399805f573e75c2e1a3edcd45ed0fbc852281fb22b42cc17e52"}}
[debug] [2023-09-16T09:18:29.526Z] <<< [apiv2][status] POST https://firebasehosting.googleapis.com/v1beta1/projects/458085568113/sites/ui-bata/versions/3878f48af61928de:populateFiles 200
[debug] [2023-09-16T09:18:29.526Z] <<< [apiv2][body] POST https://firebasehosting.googleapis.com/v1beta1/projects/458085568113/sites/ui-bata/versions/3878f48af61928de:populateFiles {"uploadRequiredHashes":["dcccc6fc4d8bf3a6b6949bbc0c87fc3e8b1da2a90f58c8d3c4086acc8da52433","548989a145ecb291ac6a756803a16149f9569bb1aed5f3864c7cbd15ef3be1c4","26401ca1c9ff074d598315141960ddfdaa549bcfadcfbd0b599bb984a6e41b50","d645b33368704a00d1c7ce4a4fd4459438eaa9b49b438c071ce2f3ddf8836e48"],"uploadUrl":"https://upload-firebasehosting.googleapis.com/upload/sites/ui-bata/versions/3878f48af61928de/files"}
[debug] [2023-09-16T09:18:29.528Z] >>> [apiv2][query] POST https://upload-firebasehosting.googleapis.com/upload/sites/ui-bata/versions/3878f48af61928de/files/dcccc6fc4d8bf3a6b6949bbc0c87fc3e8b1da2a90f58c8d3c4086acc8da52433 [none]
[debug] [2023-09-16T09:18:29.528Z] >>> [apiv2][body] POST https://upload-firebasehosting.googleapis.com/upload/sites/ui-bata/versions/3878f48af61928de/files/dcccc6fc4d8bf3a6b6949bbc0c87fc3e8b1da2a90f58c8d3c4086acc8da52433 [stream]
[debug] [2023-09-16T09:18:29.530Z] >>> [apiv2][query] POST https://upload-firebasehosting.googleapis.com/upload/sites/ui-bata/versions/3878f48af61928de/files/548989a145ecb291ac6a756803a16149f9569bb1aed5f3864c7cbd15ef3be1c4 [none]
[debug] [2023-09-16T09:18:29.530Z] >>> [apiv2][body] POST https://upload-firebasehosting.googleapis.com/upload/sites/ui-bata/versions/3878f48af61928de/files/548989a145ecb291ac6a756803a16149f9569bb1aed5f3864c7cbd15ef3be1c4 [stream]
[debug] [2023-09-16T09:18:29.532Z] >>> [apiv2][query] POST https://upload-firebasehosting.googleapis.com/upload/sites/ui-bata/versions/3878f48af61928de/files/26401ca1c9ff074d598315141960ddfdaa549bcfadcfbd0b599bb984a6e41b50 [none]
[debug] [2023-09-16T09:18:29.532Z] >>> [apiv2][body] POST https://upload-firebasehosting.googleapis.com/upload/sites/ui-bata/versions/3878f48af61928de/files/26401ca1c9ff074d598315141960ddfdaa549bcfadcfbd0b599bb984a6e41b50 [stream]
[debug] [2023-09-16T09:18:29.533Z] >>> [apiv2][query] POST https://upload-firebasehosting.googleapis.com/upload/sites/ui-bata/versions/3878f48af61928de/files/d645b33368704a00d1c7ce4a4fd4459438eaa9b49b438c071ce2f3ddf8836e48 [none]
[debug] [2023-09-16T09:18:29.533Z] >>> [apiv2][body] POST https://upload-firebasehosting.googleapis.com/upload/sites/ui-bata/versions/3878f48af61928de/files/d645b33368704a00d1c7ce4a4fd4459438eaa9b49b438c071ce2f3ddf8836e48 [stream]
[debug] [2023-09-16T09:18:29.534Z] [hosting][populate queue][FINAL] {"max":1828,"min":1828,"avg":1828,"active":0,"complete":1,"success":1,"errored":0,"retried":0,"total":1,"elapsed":1834}
[debug] [2023-09-16T09:18:29.535Z] [hosting] uploads queued: 4
[debug] [2023-09-16T09:18:32.141Z] <<< [apiv2][status] POST https://upload-firebasehosting.googleapis.com/upload/sites/ui-bata/versions/3878f48af61928de/files/dcccc6fc4d8bf3a6b6949bbc0c87fc3e8b1da2a90f58c8d3c4086acc8da52433 200
[debug] [2023-09-16T09:18:32.141Z] <<< [apiv2][body] POST https://upload-firebasehosting.googleapis.com/upload/sites/ui-bata/versions/3878f48af61928de/files/dcccc6fc4d8bf3a6b6949bbc0c87fc3e8b1da2a90f58c8d3c4086acc8da52433 [stream]
[debug] [2023-09-16T09:18:32.275Z] <<< [apiv2][status] POST https://upload-firebasehosting.googleapis.com/upload/sites/ui-bata/versions/3878f48af61928de/files/26401ca1c9ff074d598315141960ddfdaa549bcfadcfbd0b599bb984a6e41b50 200
[debug] [2023-09-16T09:18:32.275Z] <<< [apiv2][body] POST https://upload-firebasehosting.googleapis.com/upload/sites/ui-bata/versions/3878f48af61928de/files/26401ca1c9ff074d598315141960ddfdaa549bcfadcfbd0b599bb984a6e41b50 [stream]
[debug] [2023-09-16T09:18:33.613Z] <<< [apiv2][status] POST https://upload-firebasehosting.googleapis.com/upload/sites/ui-bata/versions/3878f48af61928de/files/d645b33368704a00d1c7ce4a4fd4459438eaa9b49b438c071ce2f3ddf8836e48 200
[debug] [2023-09-16T09:18:33.613Z] <<< [apiv2][body] POST https://upload-firebasehosting.googleapis.com/upload/sites/ui-bata/versions/3878f48af61928de/files/d645b33368704a00d1c7ce4a4fd4459438eaa9b49b438c071ce2f3ddf8836e48 [stream]
[debug] [2023-09-16T09:18:34.706Z] <<< [apiv2][status] POST https://upload-firebasehosting.googleapis.com/upload/sites/ui-bata/versions/3878f48af61928de/files/548989a145ecb291ac6a756803a16149f9569bb1aed5f3864c7cbd15ef3be1c4 200
[debug] [2023-09-16T09:18:34.706Z] <<< [apiv2][body] POST https://upload-firebasehosting.googleapis.com/upload/sites/ui-bata/versions/3878f48af61928de/files/548989a145ecb291ac6a756803a16149f9569bb1aed5f3864c7cbd15ef3be1c4 [stream]
[debug] [2023-09-16T09:18:34.706Z] [hosting][upload queue][FINAL] {"max":5179,"min":2615,"avg":3657,"active":0,"complete":4,"success":4,"errored":0,"retried":0,"total":4,"elapsed":5180}
[info] +  hosting[ui-bata]: file upload complete 
[debug] [2023-09-16T09:18:34.708Z] [hosting] deploy completed after 8129ms
[debug] [2023-09-16T09:18:34.708Z] [
  {
    "config": {
      "public": "build",
      "ignore": [
        "firebase.json",
        "**/.*",
        "**/node_modules/**"
      ],
      "rewrites": [
        {
          "source": "**",
          "destination": "/index.html"
        }
      ],
      "site": "ui-bata"
    },
    "version": "projects/458085568113/sites/ui-bata/versions/3878f48af61928de"
  }
]
[info] i  hosting[ui-bata]: finalizing version... 
[debug] [2023-09-16T09:18:34.712Z] >>> [apiv2][query] PATCH https://firebasehosting.googleapis.com/v1beta1/projects/-/sites/ui-bata/versions/3878f48af61928de updateMask=status%2Cconfig
[debug] [2023-09-16T09:18:34.712Z] >>> [apiv2][body] PATCH https://firebasehosting.googleapis.com/v1beta1/projects/-/sites/ui-bata/versions/3878f48af61928de {"status":"FINALIZED","config":{"rewrites":[{"glob":"**","path":"/index.html"}]}}
[debug] [2023-09-16T09:18:36.074Z] <<< [apiv2][status] PATCH https://firebasehosting.googleapis.com/v1beta1/projects/-/sites/ui-bata/versions/3878f48af61928de 200
[debug] [2023-09-16T09:18:36.075Z] <<< [apiv2][body] PATCH https://firebasehosting.googleapis.com/v1beta1/projects/-/sites/ui-bata/versions/3878f48af61928de {"name":"projects/458085568113/sites/ui-bata/versions/3878f48af61928de","status":"FINALIZED","config":{"rewrites":[{"glob":"**","path":"/index.html"}]},"labels":{"deployment-tool":"cli-firebase"},"createTime":"2023-09-16T09:18:06.785281Z","createUser":{"email":"codedotart.jsr@gmail.com"},"finalizeTime":"2023-09-16T09:18:17.489896Z","finalizeUser":{"email":"codedotart.jsr@gmail.com"}}
[debug] [2023-09-16T09:18:36.075Z] [hosting] finalized version for ui-bata:[object Object]
[info] +  hosting[ui-bata]: version finalized 
[info] i  hosting[ui-bata]: releasing new version... 
[debug] [2023-09-16T09:18:36.077Z] >>> [apiv2][query] POST https://firebasehosting.googleapis.com/v1beta1/projects/-/sites/ui-bata/channels/live/releases versionName=projects%2F458085568113%2Fsites%2Fui-bata%2Fversions%2F3878f48af61928de
[debug] [2023-09-16T09:18:36.077Z] >>> [apiv2][body] POST https://firebasehosting.googleapis.com/v1beta1/projects/-/sites/ui-bata/channels/live/releases {}
[debug] [2023-09-16T09:18:37.504Z] <<< [apiv2][status] POST https://firebasehosting.googleapis.com/v1beta1/projects/-/sites/ui-bata/channels/live/releases 200
[debug] [2023-09-16T09:18:37.504Z] <<< [apiv2][body] POST https://firebasehosting.googleapis.com/v1beta1/projects/-/sites/ui-bata/channels/live/releases {"name":"projects/458085568113/sites/ui-bata/channels/live/releases/1694855898375000","version":{"name":"projects/458085568113/sites/ui-bata/versions/3878f48af61928de","status":"FINALIZED","config":{"rewrites":[{"glob":"**","path":"/index.html"}]},"labels":{"deployment-tool":"cli-firebase"},"createTime":"2023-09-16T09:18:06.785281Z","createUser":{"email":"codedotart.jsr@gmail.com","imageUrl":"https://lh3.googleusercontent.com/a/ACg8ocK_qCxkOUw7WrR9ttYim-iGEe2iTnEiZlLlbAH5gbA5qw"},"finalizeTime":"2023-09-16T09:18:17.489896Z","finalizeUser":{"email":"codedotart.jsr@gmail.com","imageUrl":"https://lh3.googleusercontent.com/a/ACg8ocK_qCxkOUw7WrR9ttYim-iGEe2iTnEiZlLlbAH5gbA5qw"}},"type":"DEPLOY","releaseTime":"2023-09-16T09:18:18.375Z","releaseUser":{"email":"codedotart.jsr@gmail.com","imageUrl":"https://lh3.googleusercontent.com/a/ACg8ocK_qCxkOUw7WrR9ttYim-iGEe2iTnEiZlLlbAH5gbA5qw"}}
[debug] [2023-09-16T09:18:37.504Z] [hosting] release: {"name":"projects/458085568113/sites/ui-bata/channels/live/releases/1694855898375000","version":{"name":"projects/458085568113/sites/ui-bata/versions/3878f48af61928de","status":"FINALIZED","config":{"rewrites":[{"glob":"**","path":"/index.html"}]},"labels":{"deployment-tool":"cli-firebase"},"createTime":"2023-09-16T09:18:06.785281Z","createUser":{"email":"codedotart.jsr@gmail.com","imageUrl":"https://lh3.googleusercontent.com/a/ACg8ocK_qCxkOUw7WrR9ttYim-iGEe2iTnEiZlLlbAH5gbA5qw"},"finalizeTime":"2023-09-16T09:18:17.489896Z","finalizeUser":{"email":"codedotart.jsr@gmail.com","imageUrl":"https://lh3.googleusercontent.com/a/ACg8ocK_qCxkOUw7WrR9ttYim-iGEe2iTnEiZlLlbAH5gbA5qw"}},"type":"DEPLOY","releaseTime":"2023-09-16T09:18:18.375Z","releaseUser":{"email":"codedotart.jsr@gmail.com","imageUrl":"https://lh3.googleusercontent.com/a/ACg8ocK_qCxkOUw7WrR9ttYim-iGEe2iTnEiZlLlbAH5gbA5qw"}}
[info] +  hosting[ui-bata]: release complete 
[info] 
[info] +  Deploy complete! 
[info] 
[info] Project Console: https://console.firebase.google.com/project/ui-bata/overview
[info] Hosting URL: https://ui-bata.web.app
[debug] [2023-09-16T09:18:45.836Z] Error: Timed out.
    at Timeout.<anonymous> (C:\Users\coded\AppData\Roaming\npm\node_modules\firebase-tools\lib\utils.js:254:49)
    at listOnTimeout (node:internal/timers:569:17)
    at process.processTimers (node:internal/timers:512:7)
[error] 
[error] Error: An unexpected error has occurred.
